0 verbose cli C:\Program Files\nodejs\node.exe C:\Program Files\nodejs\node_modules\npm\bin\npm-cli.js
1 info using npm@8.11.0
2 info using node@v16.16.0
3 timing npm:load:whichnode Completed in 1ms
4 timing config:load:defaults Completed in 2ms
5 timing config:load:file:C:\Program Files\nodejs\node_modules\npm\npmrc Completed in 4ms
6 timing config:load:builtin Completed in 5ms
7 timing config:load:cli Completed in 2ms
8 timing config:load:env Completed in 1ms
9 timing config:load:file:D:\dev-node\kaju-swap\.npmrc Completed in 0ms
10 timing config:load:project Completed in 2ms
11 timing config:load:file:C:\Users\Ankit Pareek\.npmrc Completed in 1ms
12 timing config:load:user Completed in 2ms
13 timing config:load:file:C:\Users\Ankit Pareek\AppData\Roaming\npm\etc\npmrc Completed in 0ms
14 timing config:load:global Completed in 0ms
15 timing config:load:validate Completed in 1ms
16 timing config:load:credentials Completed in 1ms
17 timing config:load:setEnvs Completed in 1ms
18 timing config:load Completed in 18ms
19 timing npm:load:configload Completed in 18ms
20 timing npm:load:mkdirpcache Completed in 1ms
21 timing npm:load:mkdirplogs Completed in 1ms
22 verbose title npm start
23 verbose argv "start"
24 timing npm:load:setTitle Completed in 3ms
25 timing config:load:flatten Completed in 7ms
26 timing npm:load:display Completed in 10ms
27 verbose logfile logs-max:10 dir:D:\dev-node\kaju-swap\_logs
28 verbose logfile D:\dev-node\kaju-swap\_logs\2023-03-16T14_44_45_168Z-debug-0.log
29 timing npm:load:logFile Completed in 22ms
30 timing npm:load:timers Completed in 0ms
31 timing npm:load:configScope Completed in 0ms
32 timing npm:load Completed in 57ms
33 silly logfile done cleaning log files
34 timing command:run-script Completed in 19ms
35 timing command:start Completed in 33ms
36 verbose stack Error: Missing script: "start"
36 verbose stack
36 verbose stack Did you mean one of these?
36 verbose stack     npm star # Mark your favorite packages
36 verbose stack     npm stars # View packages marked as favorites
36 verbose stack
36 verbose stack To see a list of scripts, run:
36 verbose stack   npm run
36 verbose stack     at RunScript.run (C:\Program Files\nodejs\node_modules\npm\lib\commands\run-script.js:97:13)
36 verbose stack     at async module.exports (C:\Program Files\nodejs\node_modules\npm\lib\cli.js:78:5)
37 verbose cwd D:\dev-node\kaju-swap
38 verbose Windows_NT 10.0.22000
39 verbose node v16.16.0
40 verbose npm  v8.11.0
41 error Missing script: "start"
41 error
41 error Did you mean one of these?
41 error     npm star # Mark your favorite packages
41 error     npm stars # View packages marked as favorites
41 error
41 error To see a list of scripts, run:
41 error   npm run
42 verbose exit 1
43 timing npm Completed in 124ms
44 verbose code 1
45 error A complete log of this run can be found in:
45 error     D:\dev-node\kaju-swap\_logs\2023-03-16T14_44_45_168Z-debug-0.log
